%!Adobe-FontList 1.14
%Locale:0x416

%BeginFont
Handler:DirectoryHandler
FontType:TrueType
FontName:ArialMT
FamilyName:Arial
StyleName:Regular
FullName:Arial
MenuName:Arial
StyleBits:0
WritingScript:Roman
OutlineFileName:C:\Users\Carolina\Desktop\Pasta CAPA_copyfight_v1\Document fonts\arial.ttf
DataFormat:sfntData
FileLength:778552
FileModTime:1305067095
WeightClass:400
WidthClass:5
AngleClass:0
%EndFont

%BeginFont
Handler:DirectoryHandler
FontType:TrueType
FontName:BellGothicBT-Roman
FamilyName:Bell Gothic BT
StyleName:Roman
FullName:Bell Gothic BT
MenuName:Bell Gothic BT
StyleBits:0
WritingScript:Roman
OutlineFileName:C:\Users\Carolina\Desktop\Pasta CAPA_copyfight_v1\Document fonts\Bell Gothic BT.ttf
DataFormat:sfntData
FileLength:36358
FileModTime:1070069322
WeightClass:400
WidthClass:4
AngleClass:0
%EndFont

%BeginFont
Handler:DirectoryHandler
FontType:Type1
FontName:BellGothicStd-Black
FamilyName:Bell Gothic Std
StyleName:Black
FullName:Bell Gothic Std Black
MenuName:Bell Gothic Std Black
StyleBits:0
WritingScript:Roman
OutlineFileName:C:\Users\Carolina\Desktop\Pasta CAPA_copyfight_v1\Document fonts\BellGothicStd-Black.otf
DataFormat:sfntData
UsesStandardEncoding:yes
isCFF:yes
FileLength:32364
FileModTime:1217268986
WeightClass:700
WidthClass:5
AngleClass:0
DesignSize:60
%EndFont

%BeginFont
Handler:DirectoryHandler
FontType:Type1
FontName:MinionPro-Regular
FamilyName:Minion Pro
StyleName:Regular
FullName:Minion Pro
MenuName:Minion Pro
StyleBits:0
WritingScript:Roman
OutlineFileName:C:\Users\Carolina\Desktop\Pasta CAPA_copyfight_v1\Document fonts\MinionPro-Regular.otf
DataFormat:sfntData
UsesStandardEncoding:yes
isCFF:yes
FileLength:217280
FileModTime:1329314026
WeightClass:400
WidthClass:5
AngleClass:0
DesignSize:110
%EndFont

%BeginFont
Handler:DirectoryHandler
FontType:TrueType
FontName:OCRB10PitchBT-Regular
FamilyName:OCR-B 10 BT
StyleName:Regular
FullName:OCR-B 10 BT
MenuName:OCR-B 10 BT
StyleBits:0
WritingScript:Roman
OutlineFileName:C:\Users\Carolina\Desktop\Pasta CAPA_copyfight_v1\Document fonts\OCR-b___.ttf
DataFormat:sfntData
FileLength:20632
FileModTime:1075315568
WeightClass:400
WidthClass:5
AngleClass:0
%EndFont

